<?xml version="1.0" encoding="UTF-8"?>
<!-- Generated by org.testng.reporters.JUnitReportReporter -->
<testsuite hostname="DESKTOP-43CS9BE" failures="0" tests="2" name="Capabilities.TestSceanrio3Parallel" time="54.023" errors="0" timestamp="2025-08-02T19:24:36 IST" skipped="0">
  <testcase classname="Capabilities.TestSceanrio3Parallel" name="testInputFormSubmission" time="17.609"/>
  <testcase classname="Capabilities.TestSceanrio3Parallel" name="testInputFormSubmission" time="36.414"/>
</testsuite> <!-- Capabilities.TestSceanrio3Parallel -->
