<?xml version="1.0" encoding="UTF-8"?>
<!-- Generated by org.testng.reporters.JUnitReportReporter -->
<testsuite hostname="DESKTOP-43CS9BE" failures="0" tests="1" name="Capabilities.TestScenario2T" time="16.762" errors="0" timestamp="2025-08-03T10:53:13 IST" skipped="0">
  <testcase classname="Capabilities.TestScenario2T" name="testSingleCheckboxSelection" time="16.762"/>
</testsuite> <!-- Capabilities.TestScenario2T -->
