<?xml version="1.0" encoding="UTF-8"?>
<!-- Generated by org.testng.reporters.JUnitReportReporter -->
<testsuite hostname="DESKTOP-43CS9BE" failures="0" tests="2" name="Capabilities.TestScenario1" time="72.936" errors="0" timestamp="2025-08-03T12:34:05 IST" skipped="0">
  <testcase classname="Capabilities.TestScenario1" name="runScenario" time="29.215"/>
  <testcase classname="Capabilities.TestScenario1" name="runScenario" time="43.721"/>
</testsuite> <!-- Capabilities.TestScenario1 -->
