<?xml version="1.0" encoding="UTF-8"?>
<!-- Generated by org.testng.reporters.JUnitReportReporter -->
<testsuite hostname="DESKTOP-43CS9BE" failures="0" tests="2" name="Capabilities.testScenario2_Draganddrop" time="34.206" errors="0" timestamp="2025-08-02T19:35:57 IST" skipped="0">
  <testcase classname="Capabilities.testScenario2_Draganddrop" name="testDragAndDropSlider" time="13.779"/>
  <testcase classname="Capabilities.testScenario2_Draganddrop" name="testDragAndDropSlider" time="20.427"/>
</testsuite> <!-- Capabilities.testScenario2_Draganddrop -->
