<?xml version="1.0" encoding="UTF-8"?>
<!-- Generated by org.testng.reporters.JUnitReportReporter -->
<testsuite hostname="DESKTOP-43CS9BE" failures="0" tests="2" name="Capabilities.TestScenario1" time="32.801" errors="0" timestamp="2025-08-02T19:32:22 IST" skipped="0">
  <testcase classname="Capabilities.TestScenario1" name="simpleFormDemoTest" time="12.098"/>
  <testcase classname="Capabilities.TestScenario1" name="simpleFormDemoTest" time="20.703"/>
</testsuite> <!-- Capabilities.TestScenario1 -->
