<?xml version="1.0" encoding="UTF-8"?>
<!-- Generated by org.testng.reporters.JUnitReportReporter -->
<testsuite hostname="DESKTOP-43CS9BE" failures="0" tests="1" name="Capabilities.TestScenario3" time="48.980" errors="0" timestamp="2025-08-03T12:31:47 IST" skipped="0">
  <testcase classname="Capabilities.TestScenario3" name="runScenario" time="48.980"/>
</testsuite> <!-- Capabilities.TestScenario3 -->
