<?xml version="1.0" encoding="UTF-8"?>
<!-- Generated by org.testng.reporters.JUnitReportReporter -->
<testsuite hostname="DESKTOP-43CS9BE" failures="0" tests="3" name="Capabilities.TestScenario2" time="65.230" errors="0" timestamp="2025-08-03T10:54:47 IST" skipped="0">
  <testcase classname="Capabilities.TestScenario2" name="testSingleCheckboxSelection" time="12.983"/>
  <testcase classname="Capabilities.TestScenario2" name="testSingleCheckboxSelection" time="40.021"/>
  <testcase classname="Capabilities.TestScenario2" name="testSingleCheckboxSelection" time="12.226"/>
</testsuite> <!-- Capabilities.TestScenario2 -->
