<?xml version="1.0" encoding="UTF-8"?>
<!-- Generated by org.testng.reporters.JUnitReportReporter -->
<testsuite hostname="DESKTOP-43CS9BE" failures="0" tests="3" name="Capabilities.TestScenario1" time="42.587" errors="0" timestamp="2025-08-03T10:08:14 IST" skipped="0">
  <testcase classname="Capabilities.TestScenario1" name="testPageTitleWithExplicitWaitAndSoftAssert" time="10.200"/>
  <testcase classname="Capabilities.TestScenario1" name="testPageTitleWithExplicitWaitAndSoftAssert" time="11.100"/>
  <testcase classname="Capabilities.TestScenario1" name="testPageTitleWithExplicitWaitAndSoftAssert" time="21.287"/>
</testsuite> <!-- Capabilities.TestScenario1 -->
