<?xml version="1.0" encoding="UTF-8"?>
<!-- Generated by org.testng.reporters.JUnitReportReporter -->
<testsuite hostname="DESKTOP-43CS9BE" failures="0" tests="1" name="Capabilities.TestScenario3A" time="9.958" errors="0" timestamp="2025-08-03T11:13:49 IST" skipped="0">
  <testcase classname="Capabilities.TestScenario3A" name="testJavaScriptAlert" time="9.958"/>
</testsuite> <!-- Capabilities.TestScenario3A -->
